<?xml version="1.0" encoding="UTF-8"?>
<!-- Generated by org.testng.reporters.JUnitReportReporter -->
<testsuite hostname="INLEN8520032205" failures="0" tests="1" name="Test.Verifyfakepostmethod" time="2.310" errors="0" timestamp="2022-06-13T13:18:55 IST" skipped="0">
  <testcase classname="Test.Verifyfakepostmethod" name="Testfakepostmethod" time="2.310"/>
  <system-out/>
</testsuite> <!-- Test.Verifyfakepostmethod -->
