<?xml version="1.0" encoding="UTF-8"?>
<!-- Generated by org.testng.reporters.JUnitReportReporter -->
<testsuite hostname="INLEN8520032205" failures="0" tests="1" name="Test.Verifyfakeauthorsdeletemethod" time="2.177" errors="0" timestamp="2022-06-14T17:15:49 IST" skipped="0">
  <testcase classname="Test.Verifyfakeauthorsdeletemethod" name="Testfakeauthorsdeletemethod" time="2.177"/>
  <system-out/>
</testsuite> <!-- Test.Verifyfakeauthorsdeletemethod -->
