<?xml version="1.0" encoding="UTF-8"?>
<!-- Generated by org.testng.reporters.JUnitReportReporter -->
<testsuite hostname="INLEN8520032205" failures="0" tests="1" name="Test.Verifyfakeputmethod" time="2.702" errors="0" timestamp="2022-06-13T11:56:38 IST" skipped="0">
  <testcase classname="Test.Verifyfakeputmethod" name="Testfakeputmethod" time="2.702"/>
  <system-out/>
</testsuite> <!-- Test.Verifyfakeputmethod -->
