<?xml version="1.0" encoding="UTF-8"?>
<!-- Generated by org.testng.reporters.JUnitReportReporter -->
<testsuite hostname="INLEN8520032205" failures="0" tests="1" name="Test.Verifyfakeauthorspostmethod" time="2.583" errors="0" timestamp="2022-06-18T15:01:12 IST" skipped="0">
  <testcase classname="Test.Verifyfakeauthorspostmethod" name="Testfakeauthorspostmethod" time="2.583"/>
  <system-out/>
</testsuite> <!-- Test.Verifyfakeauthorspostmethod -->
