<?xml version="1.0" encoding="UTF-8"?>
<!-- Generated by org.testng.reporters.JUnitReportReporter -->
<testsuite hostname="INLEN8520032205" failures="0" tests="3" name="Test.Verifyfakeauthorsgetmethod" time="6.083" errors="0" timestamp="2022-06-17T14:33:17 IST" skipped="0">
  <testcase classname="Test.Verifyfakeauthorsgetmethod" name="Testfakeauthorsdeletemethod" time="3.047"/>
  <system-out/>
  <testcase classname="Test.Verifyfakeauthorsgetmethod" name="Testfakeauthorspostmethod" time="1.216"/>
  <system-out/>
  <testcase classname="Test.Verifyfakeauthorsgetmethod" name="Testfakeauthorsgetmethod" time="1.820"/>
  <system-out/>
</testsuite> <!-- Test.Verifyfakeauthorsgetmethod -->
