<?xml version="1.0" encoding="UTF-8"?>
<!-- Generated by org.testng.reporters.JUnitReportReporter -->
<testsuite hostname="INLEN8520032205" failures="0" tests="1" name="Test.verifyputmethod" time="1.638" errors="0" timestamp="2022-06-09T14:53:31 IST" skipped="0">
  <testcase classname="Test.verifyputmethod" name="Testputmethod" time="1.638"/>
  <system-out/>
</testsuite> <!-- Test.verifyputmethod -->
