<?xml version="1.0" encoding="UTF-8"?>
<!-- Generated by org.testng.reporters.JUnitReportReporter -->
<testsuite hostname="INLEN8520032205" failures="0" tests="1" name="Test.Verifyfakedeletemethod" time="2.231" errors="0" timestamp="2022-06-13T13:18:44 IST" skipped="0">
  <testcase classname="Test.Verifyfakedeletemethod" name="Testfakedeletemethod" time="2.231"/>
  <system-out/>
</testsuite> <!-- Test.Verifyfakedeletemethod -->
