<?xml version="1.0" encoding="UTF-8"?>
<!-- Generated by org.testng.reporters.JUnitReportReporter -->
<testsuite hostname="INLEN8520032205" failures="0" tests="1" name="Test.Verifyfakeauthorsputmethod" time="1.013" errors="0" timestamp="2022-06-13T13:36:36 IST" skipped="0">
  <testcase classname="Test.Verifyfakeauthorsputmethod" name="Testfakeauthorsgetmethod" time="1.013"/>
  <system-out/>
</testsuite> <!-- Test.Verifyfakeauthorsputmethod -->
