<?xml version="1.0" encoding="UTF-8"?>
<!-- Generated by org.testng.reporters.JUnitReportReporter -->
<testsuite hostname="INLEN8520032205" failures="0" tests="1" name="Test.Verifyfakecoverdeletemethod" time="1.291" errors="0" timestamp="2022-06-20T11:22:02 IST" skipped="0">
  <testcase classname="Test.Verifyfakecoverdeletemethod" name="Testfakecoverdeletemethod" time="1.291"/>
  <system-out/>
</testsuite> <!-- Test.Verifyfakecoverdeletemethod -->
