<?xml version="1.0" encoding="UTF-8"?>
<!-- Generated by org.testng.reporters.JUnitReportReporter -->
<testsuite hostname="INLEN8520032205" failures="0" tests="1" name="Test.Verifyfakecoverputmethod" time="1.017" errors="0" timestamp="2022-06-20T11:22:02 IST" skipped="0">
  <testcase classname="Test.Verifyfakecoverputmethod" name="Testfakecoverputmethod" time="1.017"/>
  <system-out/>
</testsuite> <!-- Test.Verifyfakecoverputmethod -->
