<?xml version="1.0" encoding="UTF-8"?>
<!-- Generated by org.testng.reporters.JUnitReportReporter -->
<testsuite hostname="INLEN8520032205" failures="0" tests="1" name="Test.Verifyfakegetmethod" time="2.428" errors="0" timestamp="2022-06-18T14:59:08 IST" skipped="0">
  <testcase classname="Test.Verifyfakegetmethod" name="Testfakegetmethod" time="2.428"/>
  <system-out/>
</testsuite> <!-- Test.Verifyfakegetmethod -->
