<?xml version="1.0" encoding="UTF-8"?>
<!-- Generated by org.testng.reporters.JUnitReportReporter -->
<testsuite hostname="INLEN8520032205" failures="0" tests="4" name="Test.Verifygetmethod" time="5.510" errors="0" timestamp="2022-06-14T17:14:27 IST" skipped="0">
  <testcase classname="Test.Verifygetmethod" name="Testpostmethod" time="2.270"/>
  <system-out/>
  <testcase classname="Test.Verifygetmethod" name="Testputmethod" time="1.071"/>
  <system-out/>
  <testcase classname="Test.Verifygetmethod" name="Testgetmethod" time="1.105"/>
  <system-out/>
  <testcase classname="Test.Verifygetmethod" name="Testpatchmethod" time="1.064"/>
  <system-out/>
</testsuite> <!-- Test.Verifygetmethod -->
